


ARM Macro Assembler    Page 1 


    1 00000000         ;******************** (C) COPYRIGHT 2012 STMicroelectron
                       ics ********************
    2 00000000         ;* File Name          : startup_stm32f10x_cl.s
    3 00000000         ;* Author             : MCD Application Team
    4 00000000         ;* Version            : V3.6.1
    5 00000000         ;* Date               : 05-March-2012
    6 00000000         ;* Description        : STM32F10x Connectivity line devi
                       ces vector table for MDK-ARM 
    7 00000000         ;*                      toolchain. 
    8 00000000         ;*                      This module performs:
    9 00000000         ;*                      - Set the initial SP
   10 00000000         ;*                      - Set the initial PC == Reset_Ha
                       ndler
   11 00000000         ;*                      - Set the vector table entries w
                       ith the exceptions ISR address
   12 00000000         ;*                      - Configure the clock system
   13 00000000         ;*                      - Branches to __main in the C li
                       brary (which eventually
   14 00000000         ;*                        calls main()).
   15 00000000         ;*                      After Reset the CortexM3 process
                       or is in Thread mode,
   16 00000000         ;*                      priority is Privileged, and the 
                       Stack is set to Main.
   17 00000000         ;* <<< Use Configuration Wizard in Context Menu >>>   
   18 00000000         ;*******************************************************
                       ************************
   19 00000000         ; 
   20 00000000         ; Licensed under MCD-ST Liberty SW License Agreement V2,
                        (the "License");
   21 00000000         ; You may not use this file except in compliance with th
                       e License.
   22 00000000         ; You may obtain a copy of the License at:
   23 00000000         ; 
   24 00000000         ;        http://www.st.com/software_license_agreement_li
                       berty_v2
   25 00000000         ; 
   26 00000000         ; Unless required by applicable law or agreed to in writ
                       ing, software 
   27 00000000         ; distributed under the License is distributed on an "AS
                        IS" BASIS, 
   28 00000000         ; WITHOUT WARRANTIES OR CONDITIONS OF ANY KIND, either e
                       xpress or implied.
   29 00000000         ; See the License for the specific language governing pe
                       rmissions and
   30 00000000         ; limitations under the License.
   31 00000000         ; 
   32 00000000         ;*******************************************************
                       ************************
   33 00000000         
   34 00000000         ; Amount of memory (in bytes) allocated for Stack
   35 00000000         ; Tailor this value to your application needs
   36 00000000         ; <h> Stack Configuration
   37 00000000         ;   <o> Stack Size (in Bytes) <0x0-0xFFFFFFFF:8>
   38 00000000         ; </h>
   39 00000000         
   40 00000000 00000400 
                       Stack_Size
                               EQU              0x00000400
   41 00000000         



ARM Macro Assembler    Page 2 


   42 00000000                 AREA             STACK, NOINIT, READWRITE, ALIGN
=3
   43 00000000         Stack_Mem
                               SPACE            Stack_Size
   44 00000400         __initial_sp
   45 00000400         
   46 00000400         
   47 00000400         ; <h> Heap Configuration
   48 00000400         ;   <o>  Heap Size (in Bytes) <0x0-0xFFFFFFFF:8>
   49 00000400         ; </h>
   50 00000400         
   51 00000400 00000200 
                       Heap_Size
                               EQU              0x00000200
   52 00000400         
   53 00000400                 AREA             HEAP, NOINIT, READWRITE, ALIGN=
3
   54 00000000         __heap_base
   55 00000000         Heap_Mem
                               SPACE            Heap_Size
   56 00000200         __heap_limit
   57 00000200         
   58 00000200                 PRESERVE8
   59 00000200                 THUMB
   60 00000200         
   61 00000200         
   62 00000200         ; Vector Table Mapped to Address 0 at Reset
   63 00000200                 AREA             RESET, DATA, READONLY
   64 00000000                 EXPORT           __Vectors
   65 00000000                 EXPORT           __Vectors_End
   66 00000000                 EXPORT           __Vectors_Size
   67 00000000         
   68 00000000 00000000 
                       __Vectors
                               DCD              __initial_sp ; Top of Stack
   69 00000004 00000000        DCD              Reset_Handler ; Reset Handler
   70 00000008 00000000        DCD              NMI_Handler ; NMI Handler
   71 0000000C 00000000        DCD              HardFault_Handler ; Hard Fault 
                                                            Handler
   72 00000010 00000000        DCD              MemManage_Handler 
                                                            ; MPU Fault Handler
                                                            
   73 00000014 00000000        DCD              BusFault_Handler 
                                                            ; Bus Fault Handler
                                                            
   74 00000018 00000000        DCD              UsageFault_Handler ; Usage Faul
                                                            t Handler
   75 0000001C 00000000        DCD              0           ; Reserved
   76 00000020 00000000        DCD              0           ; Reserved
   77 00000024 00000000        DCD              0           ; Reserved
   78 00000028 00000000        DCD              0           ; Reserved
   79 0000002C 00000000        DCD              SVC_Handler ; SVCall Handler
   80 00000030 00000000        DCD              DebugMon_Handler ; Debug Monito
                                                            r Handler
   81 00000034 00000000        DCD              0           ; Reserved
   82 00000038 00000000        DCD              PendSV_Handler ; PendSV Handler
                                                            
   83 0000003C 00000000        DCD              SysTick_Handler 
                                                            ; SysTick Handler



ARM Macro Assembler    Page 3 


   84 00000040         
   85 00000040         ; External Interrupts
   86 00000040 00000000        DCD              WWDG_IRQHandler 
                                                            ; Window Watchdog
   87 00000044 00000000        DCD              PVD_IRQHandler ; PVD through EX
                                                            TI Line detect
   88 00000048 00000000        DCD              TAMPER_IRQHandler ; Tamper
   89 0000004C 00000000        DCD              RTC_IRQHandler ; RTC
   90 00000050 00000000        DCD              FLASH_IRQHandler ; Flash
   91 00000054 00000000        DCD              RCC_IRQHandler ; RCC
   92 00000058 00000000        DCD              EXTI0_IRQHandler ; EXTI Line 0
   93 0000005C 00000000        DCD              EXTI1_IRQHandler ; EXTI Line 1
   94 00000060 00000000        DCD              EXTI2_IRQHandler ; EXTI Line 2
   95 00000064 00000000        DCD              EXTI3_IRQHandler ; EXTI Line 3
   96 00000068 00000000        DCD              EXTI4_IRQHandler ; EXTI Line 4
   97 0000006C 00000000        DCD              DMA1_Channel1_IRQHandler 
                                                            ; DMA1 Channel 1
   98 00000070 00000000        DCD              DMA1_Channel2_IRQHandler 
                                                            ; DMA1 Channel 2
   99 00000074 00000000        DCD              DMA1_Channel3_IRQHandler 
                                                            ; DMA1 Channel 3
  100 00000078 00000000        DCD              DMA1_Channel4_IRQHandler 
                                                            ; DMA1 Channel 4
  101 0000007C 00000000        DCD              DMA1_Channel5_IRQHandler 
                                                            ; DMA1 Channel 5
  102 00000080 00000000        DCD              DMA1_Channel6_IRQHandler 
                                                            ; DMA1 Channel 6
  103 00000084 00000000        DCD              DMA1_Channel7_IRQHandler 
                                                            ; DMA1 Channel 7
  104 00000088 00000000        DCD              ADC1_2_IRQHandler 
                                                            ; ADC1 and ADC2
  105 0000008C 00000000        DCD              CAN1_TX_IRQHandler ; CAN1 TX
  106 00000090 00000000        DCD              CAN1_RX0_IRQHandler ; CAN1 RX0
  107 00000094 00000000        DCD              CAN1_RX1_IRQHandler ; CAN1 RX1
  108 00000098 00000000        DCD              CAN1_SCE_IRQHandler ; CAN1 SCE
  109 0000009C 00000000        DCD              EXTI9_5_IRQHandler 
                                                            ; EXTI Line 9..5
  110 000000A0 00000000        DCD              TIM1_BRK_IRQHandler 
                                                            ; TIM1 Break
  111 000000A4 00000000        DCD              TIM1_UP_IRQHandler 
                                                            ; TIM1 Update
  112 000000A8 00000000        DCD              TIM1_TRG_COM_IRQHandler ; TIM1 
                                                            Trigger and Commuta
                                                            tion
  113 000000AC 00000000        DCD              TIM1_CC_IRQHandler ; TIM1 Captu
                                                            re Compare
  114 000000B0 00000000        DCD              TIM2_IRQHandler ; TIM2
  115 000000B4 00000000        DCD              TIM3_IRQHandler ; TIM3
  116 000000B8 00000000        DCD              TIM4_IRQHandler ; TIM4
  117 000000BC 00000000        DCD              I2C1_EV_IRQHandler ; I2C1 Event
                                                            
  118 000000C0 00000000        DCD              I2C1_ER_IRQHandler ; I2C1 Error
                                                            
  119 000000C4 00000000        DCD              I2C2_EV_IRQHandler ; I2C2 Event
                                                            
  120 000000C8 00000000        DCD              I2C2_ER_IRQHandler ; I2C1 Error
                                                            
  121 000000CC 00000000        DCD              SPI1_IRQHandler ; SPI1
  122 000000D0 00000000        DCD              SPI2_IRQHandler ; SPI2



ARM Macro Assembler    Page 4 


  123 000000D4 00000000        DCD              USART1_IRQHandler ; USART1
  124 000000D8 00000000        DCD              USART2_IRQHandler ; USART2
  125 000000DC 00000000        DCD              USART3_IRQHandler ; USART3
  126 000000E0 00000000        DCD              EXTI15_10_IRQHandler 
                                                            ; EXTI Line 15..10
  127 000000E4 00000000        DCD              RTCAlarm_IRQHandler ; RTC alarm
                                                             through EXTI line
  128 000000E8 00000000        DCD              OTG_FS_WKUP_IRQHandler ; USB OT
                                                            G FS Wakeup through
                                                             EXTI line
  129 000000EC 00000000        DCD              0           ; Reserved
  130 000000F0 00000000        DCD              0           ; Reserved
  131 000000F4 00000000        DCD              0           ; Reserved
  132 000000F8 00000000        DCD              0           ; Reserved
  133 000000FC 00000000        DCD              0           ; Reserved
  134 00000100 00000000        DCD              0           ; Reserved
  135 00000104 00000000        DCD              0           ; Reserved
  136 00000108 00000000        DCD              TIM5_IRQHandler ; TIM5
  137 0000010C 00000000        DCD              SPI3_IRQHandler ; SPI3
  138 00000110 00000000        DCD              UART4_IRQHandler ; UART4
  139 00000114 00000000        DCD              UART5_IRQHandler ; UART5
  140 00000118 00000000        DCD              TIM6_IRQHandler ; TIM6
  141 0000011C 00000000        DCD              TIM7_IRQHandler ; TIM7
  142 00000120 00000000        DCD              DMA2_Channel1_IRQHandler 
                                                            ; DMA2 Channel1
  143 00000124 00000000        DCD              DMA2_Channel2_IRQHandler 
                                                            ; DMA2 Channel2
  144 00000128 00000000        DCD              DMA2_Channel3_IRQHandler 
                                                            ; DMA2 Channel3
  145 0000012C 00000000        DCD              DMA2_Channel4_IRQHandler 
                                                            ; DMA2 Channel4
  146 00000130 00000000        DCD              DMA2_Channel5_IRQHandler 
                                                            ; DMA2 Channel5
  147 00000134 00000000        DCD              ETH_IRQHandler ; Ethernet
  148 00000138 00000000        DCD              ETH_WKUP_IRQHandler ; Ethernet 
                                                            Wakeup through EXTI
                                                             line
  149 0000013C 00000000        DCD              CAN2_TX_IRQHandler ; CAN2 TX
  150 00000140 00000000        DCD              CAN2_RX0_IRQHandler ; CAN2 RX0
  151 00000144 00000000        DCD              CAN2_RX1_IRQHandler ; CAN2 RX1
  152 00000148 00000000        DCD              CAN2_SCE_IRQHandler ; CAN2 SCE
  153 0000014C 00000000        DCD              OTG_FS_IRQHandler ; USB OTG FS
  154 00000150         __Vectors_End
  155 00000150         
  156 00000150 00000150 
                       __Vectors_Size
                               EQU              __Vectors_End - __Vectors
  157 00000150         
  158 00000150                 AREA             |.text|, CODE, READONLY
  159 00000000         
  160 00000000         ; Reset handler
  161 00000000         Reset_Handler
                               PROC
  162 00000000                 EXPORT           Reset_Handler             [WEAK
]
  163 00000000                 IMPORT           SystemInit
  164 00000000                 IMPORT           __main
  165 00000000 4809    n       LDR              R0, =SystemInit
  166 00000002 4780            BLX              R0



ARM Macro Assembler    Page 5 


  167 00000004 4809            LDR              R0, =__main
  168 00000006 4700            BX               R0
  169 00000008                 ENDP
  170 00000008         
  171 00000008         ; Dummy Exception Handlers (infinite loops which can be 
                       modified)
  172 00000008         
  173 00000008         NMI_Handler
                               PROC
  174 00000008                 EXPORT           NMI_Handler                [WEA
K]
  175 00000008 E7FE            B                .
  176 0000000A                 ENDP
  178 0000000A         HardFault_Handler
                               PROC
  179 0000000A                 EXPORT           HardFault_Handler          [WEA
K]
  180 0000000A E7FE            B                .
  181 0000000C                 ENDP
  183 0000000C         MemManage_Handler
                               PROC
  184 0000000C                 EXPORT           MemManage_Handler          [WEA
K]
  185 0000000C E7FE            B                .
  186 0000000E                 ENDP
  188 0000000E         BusFault_Handler
                               PROC
  189 0000000E                 EXPORT           BusFault_Handler           [WEA
K]
  190 0000000E E7FE            B                .
  191 00000010                 ENDP
  193 00000010         UsageFault_Handler
                               PROC
  194 00000010                 EXPORT           UsageFault_Handler         [WEA
K]
  195 00000010 E7FE            B                .
  196 00000012                 ENDP
  197 00000012         SVC_Handler
                               PROC
  198 00000012                 EXPORT           SVC_Handler                [WEA
K]
  199 00000012 E7FE            B                .
  200 00000014                 ENDP
  202 00000014         DebugMon_Handler
                               PROC
  203 00000014                 EXPORT           DebugMon_Handler           [WEA
K]
  204 00000014 E7FE            B                .
  205 00000016                 ENDP
  206 00000016         PendSV_Handler
                               PROC
  207 00000016                 EXPORT           PendSV_Handler             [WEA
K]
  208 00000016 E7FE            B                .
  209 00000018                 ENDP
  210 00000018         SysTick_Handler
                               PROC
  211 00000018                 EXPORT           SysTick_Handler            [WEA
K]



ARM Macro Assembler    Page 6 


  212 00000018 E7FE            B                .
  213 0000001A                 ENDP
  214 0000001A         
  215 0000001A         Default_Handler
                               PROC
  216 0000001A         
  217 0000001A                 EXPORT           WWDG_IRQHandler            [WEA
K]
  218 0000001A                 EXPORT           PVD_IRQHandler             [WEA
K]
  219 0000001A                 EXPORT           TAMPER_IRQHandler          [WEA
K]
  220 0000001A                 EXPORT           RTC_IRQHandler             [WEA
K]
  221 0000001A                 EXPORT           FLASH_IRQHandler           [WEA
K]
  222 0000001A                 EXPORT           RCC_IRQHandler             [WEA
K]
  223 0000001A                 EXPORT           EXTI0_IRQHandler           [WEA
K]
  224 0000001A                 EXPORT           EXTI1_IRQHandler           [WEA
K]
  225 0000001A                 EXPORT           EXTI2_IRQHandler           [WEA
K]
  226 0000001A                 EXPORT           EXTI3_IRQHandler           [WEA
K]
  227 0000001A                 EXPORT           EXTI4_IRQHandler           [WEA
K]
  228 0000001A                 EXPORT           DMA1_Channel1_IRQHandler   [WEA
K]
  229 0000001A                 EXPORT           DMA1_Channel2_IRQHandler   [WEA
K]
  230 0000001A                 EXPORT           DMA1_Channel3_IRQHandler   [WEA
K]
  231 0000001A                 EXPORT           DMA1_Channel4_IRQHandler   [WEA
K]
  232 0000001A                 EXPORT           DMA1_Channel5_IRQHandler   [WEA
K]
  233 0000001A                 EXPORT           DMA1_Channel6_IRQHandler   [WEA
K]
  234 0000001A                 EXPORT           DMA1_Channel7_IRQHandler   [WEA
K]
  235 0000001A                 EXPORT           ADC1_2_IRQHandler          [WEA
K]
  236 0000001A                 EXPORT           CAN1_TX_IRQHandler         [WEA
K]
  237 0000001A                 EXPORT           CAN1_RX0_IRQHandler        [WEA
K]
  238 0000001A                 EXPORT           CAN1_RX1_IRQHandler        [WEA
K]
  239 0000001A                 EXPORT           CAN1_SCE_IRQHandler        [WEA
K]
  240 0000001A                 EXPORT           EXTI9_5_IRQHandler         [WEA
K]
  241 0000001A                 EXPORT           TIM1_BRK_IRQHandler        [WEA
K]
  242 0000001A                 EXPORT           TIM1_UP_IRQHandler         [WEA
K]
  243 0000001A                 EXPORT           TIM1_TRG_COM_IRQHandler    [WEA



ARM Macro Assembler    Page 7 


K]
  244 0000001A                 EXPORT           TIM1_CC_IRQHandler         [WEA
K]
  245 0000001A                 EXPORT           TIM2_IRQHandler            [WEA
K]
  246 0000001A                 EXPORT           TIM3_IRQHandler            [WEA
K]
  247 0000001A                 EXPORT           TIM4_IRQHandler            [WEA
K]
  248 0000001A                 EXPORT           I2C1_EV_IRQHandler         [WEA
K]
  249 0000001A                 EXPORT           I2C1_ER_IRQHandler         [WEA
K]
  250 0000001A                 EXPORT           I2C2_EV_IRQHandler         [WEA
K]
  251 0000001A                 EXPORT           I2C2_ER_IRQHandler         [WEA
K]
  252 0000001A                 EXPORT           SPI1_IRQHandler            [WEA
K]
  253 0000001A                 EXPORT           SPI2_IRQHandler            [WEA
K]
  254 0000001A                 EXPORT           USART1_IRQHandler          [WEA
K]
  255 0000001A                 EXPORT           USART2_IRQHandler          [WEA
K]
  256 0000001A                 EXPORT           USART3_IRQHandler          [WEA
K]
  257 0000001A                 EXPORT           EXTI15_10_IRQHandler       [WEA
K]
  258 0000001A                 EXPORT           RTCAlarm_IRQHandler        [WEA
K]
  259 0000001A                 EXPORT           OTG_FS_WKUP_IRQHandler     [WEA
K]
  260 0000001A                 EXPORT           TIM5_IRQHandler            [WEA
K]
  261 0000001A                 EXPORT           SPI3_IRQHandler            [WEA
K]
  262 0000001A                 EXPORT           UART4_IRQHandler           [WEA
K]
  263 0000001A                 EXPORT           UART5_IRQHandler           [WEA
K]
  264 0000001A                 EXPORT           TIM6_IRQHandler            [WEA
K]
  265 0000001A                 EXPORT           TIM7_IRQHandler            [WEA
K]
  266 0000001A                 EXPORT           DMA2_Channel1_IRQHandler   [WEA
K]
  267 0000001A                 EXPORT           DMA2_Channel2_IRQHandler   [WEA
K]
  268 0000001A                 EXPORT           DMA2_Channel3_IRQHandler   [WEA
K]
  269 0000001A                 EXPORT           DMA2_Channel4_IRQHandler   [WEA
K]
  270 0000001A                 EXPORT           DMA2_Channel5_IRQHandler   [WEA
K]
  271 0000001A                 EXPORT           ETH_IRQHandler             [WEA
K]
  272 0000001A                 EXPORT           ETH_WKUP_IRQHandler        [WEA
K]



ARM Macro Assembler    Page 8 


  273 0000001A                 EXPORT           CAN2_TX_IRQHandler         [WEA
K]
  274 0000001A                 EXPORT           CAN2_RX0_IRQHandler        [WEA
K]
  275 0000001A                 EXPORT           CAN2_RX1_IRQHandler        [WEA
K]
  276 0000001A                 EXPORT           CAN2_SCE_IRQHandler        [WEA
K]
  277 0000001A                 EXPORT           OTG_FS_IRQHandler          [WEA
K]
  278 0000001A         
  279 0000001A         WWDG_IRQHandler
  280 0000001A         PVD_IRQHandler
  281 0000001A         TAMPER_IRQHandler
  282 0000001A         RTC_IRQHandler
  283 0000001A         FLASH_IRQHandler
  284 0000001A         RCC_IRQHandler
  285 0000001A         EXTI0_IRQHandler
  286 0000001A         EXTI1_IRQHandler
  287 0000001A         EXTI2_IRQHandler
  288 0000001A         EXTI3_IRQHandler
  289 0000001A         EXTI4_IRQHandler
  290 0000001A         DMA1_Channel1_IRQHandler
  291 0000001A         DMA1_Channel2_IRQHandler
  292 0000001A         DMA1_Channel3_IRQHandler
  293 0000001A         DMA1_Channel4_IRQHandler
  294 0000001A         DMA1_Channel5_IRQHandler
  295 0000001A         DMA1_Channel6_IRQHandler
  296 0000001A         DMA1_Channel7_IRQHandler
  297 0000001A         ADC1_2_IRQHandler
  298 0000001A         CAN1_TX_IRQHandler
  299 0000001A         CAN1_RX0_IRQHandler
  300 0000001A         CAN1_RX1_IRQHandler
  301 0000001A         CAN1_SCE_IRQHandler
  302 0000001A         EXTI9_5_IRQHandler
  303 0000001A         TIM1_BRK_IRQHandler
  304 0000001A         TIM1_UP_IRQHandler
  305 0000001A         TIM1_TRG_COM_IRQHandler
  306 0000001A         TIM1_CC_IRQHandler
  307 0000001A         TIM2_IRQHandler
  308 0000001A         TIM3_IRQHandler
  309 0000001A         TIM4_IRQHandler
  310 0000001A         I2C1_EV_IRQHandler
  311 0000001A         I2C1_ER_IRQHandler
  312 0000001A         I2C2_EV_IRQHandler
  313 0000001A         I2C2_ER_IRQHandler
  314 0000001A         SPI1_IRQHandler
  315 0000001A         SPI2_IRQHandler
  316 0000001A         USART1_IRQHandler
  317 0000001A         USART2_IRQHandler
  318 0000001A         USART3_IRQHandler
  319 0000001A         EXTI15_10_IRQHandler
  320 0000001A         RTCAlarm_IRQHandler
  321 0000001A         OTG_FS_WKUP_IRQHandler
  322 0000001A         TIM5_IRQHandler
  323 0000001A         SPI3_IRQHandler
  324 0000001A         UART4_IRQHandler
  325 0000001A         UART5_IRQHandler
  326 0000001A         TIM6_IRQHandler



ARM Macro Assembler    Page 9 


  327 0000001A         TIM7_IRQHandler
  328 0000001A         DMA2_Channel1_IRQHandler
  329 0000001A         DMA2_Channel2_IRQHandler
  330 0000001A         DMA2_Channel3_IRQHandler
  331 0000001A         DMA2_Channel4_IRQHandler
  332 0000001A         DMA2_Channel5_IRQHandler
  333 0000001A         ETH_IRQHandler
  334 0000001A         ETH_WKUP_IRQHandler
  335 0000001A         CAN2_TX_IRQHandler
  336 0000001A         CAN2_RX0_IRQHandler
  337 0000001A         CAN2_RX1_IRQHandler
  338 0000001A         CAN2_SCE_IRQHandler
  339 0000001A         OTG_FS_IRQHandler
  340 0000001A         
  341 0000001A E7FE            B                .
  342 0000001C         
  343 0000001C                 ENDP
  344 0000001C         
  345 0000001C                 ALIGN
  346 0000001C         
  347 0000001C         ;*******************************************************
                       ************************
  348 0000001C         ; User Stack and Heap initialization
  349 0000001C         ;*******************************************************
                       ************************
  350 0000001C                 IF               :DEF:__MICROLIB
  357 0000001C         
  358 0000001C                 IMPORT           __use_two_region_memory
  359 0000001C                 EXPORT           __user_initial_stackheap
  360 0000001C         
  361 0000001C         __user_initial_stackheap
  362 0000001C         
  363 0000001C 4804            LDR              R0, =  Heap_Mem
  364 0000001E 4905            LDR              R1, =(Stack_Mem + Stack_Size)
  365 00000020 4A05            LDR              R2, = (Heap_Mem +  Heap_Size)
  366 00000022 4B06            LDR              R3, = Stack_Mem
  367 00000024 4770            BX               LR
  368 00000026         
  369 00000026 00 00           ALIGN
  370 00000028         
  371 00000028                 ENDIF
  372 00000028         
  373 00000028                 END
              00000000 
              00000000 
              00000000 
              00000400 
              00000200 
              00000000 
Command Line: --debug --xref --diag_suppress=9931 --cpu=Cortex-M3 --apcs=interw
ork --depend=..\obj\startup_stm32f10x_cl.d -o..\obj\startup_stm32f10x_cl.o -IC:
\Users\22174\Desktop\步兵开源文档v1.1\InfantryCode_2022\InfantryCode\F105_chass
is\Project\RTE -IF:\langya\keil5\ARM\PACK\Keil\STM32F1xx_DFP\2.2.0 -IF:\langya\
keil5\ARM\CMSIS\Include -IF:\langya\keil5\ARM\PACK\Keil\STM32F1xx_DFP\2.2.0\Dev
ice\Include --predefine="__UVISION_VERSION SETA 514" --predefine="STM32F10X_CL 
SETA 1" --list=.\listings\startup_stm32f10x_cl.lst ..\User\startup_stm32f10x_cl
.s



ARM Macro Assembler    Page 1 Alphabetic symbol ordering
Relocatable symbols

STACK 00000000

Symbol: STACK
   Definitions
      At line 42 in file ..\User\startup_stm32f10x_cl.s
   Uses
      None
Comment: STACK unused
Stack_Mem 00000000

Symbol: Stack_Mem
   Definitions
      At line 43 in file ..\User\startup_stm32f10x_cl.s
   Uses
      At line 364 in file ..\User\startup_stm32f10x_cl.s
      At line 366 in file ..\User\startup_stm32f10x_cl.s

__initial_sp 00000400

Symbol: __initial_sp
   Definitions
      At line 44 in file ..\User\startup_stm32f10x_cl.s
   Uses
      At line 68 in file ..\User\startup_stm32f10x_cl.s
Comment: __initial_sp used once
3 symbols



ARM Macro Assembler    Page 1 Alphabetic symbol ordering
Relocatable symbols

HEAP 00000000

Symbol: HEAP
   Definitions
      At line 53 in file ..\User\startup_stm32f10x_cl.s
   Uses
      None
Comment: HEAP unused
Heap_Mem 00000000

Symbol: Heap_Mem
   Definitions
      At line 55 in file ..\User\startup_stm32f10x_cl.s
   Uses
      At line 363 in file ..\User\startup_stm32f10x_cl.s
      At line 365 in file ..\User\startup_stm32f10x_cl.s

__heap_base 00000000

Symbol: __heap_base
   Definitions
      At line 54 in file ..\User\startup_stm32f10x_cl.s
   Uses
      None
Comment: __heap_base unused
__heap_limit 00000200

Symbol: __heap_limit
   Definitions
      At line 56 in file ..\User\startup_stm32f10x_cl.s
   Uses
      None
Comment: __heap_limit unused
4 symbols



ARM Macro Assembler    Page 1 Alphabetic symbol ordering
Relocatable symbols

RESET 00000000

Symbol: RESET
   Definitions
      At line 63 in file ..\User\startup_stm32f10x_cl.s
   Uses
      None
Comment: RESET unused
__Vectors 00000000

Symbol: __Vectors
   Definitions
      At line 68 in file ..\User\startup_stm32f10x_cl.s
   Uses
      At line 64 in file ..\User\startup_stm32f10x_cl.s
      At line 156 in file ..\User\startup_stm32f10x_cl.s

__Vectors_End 00000150

Symbol: __Vectors_End
   Definitions
      At line 154 in file ..\User\startup_stm32f10x_cl.s
   Uses
      At line 65 in file ..\User\startup_stm32f10x_cl.s
      At line 156 in file ..\User\startup_stm32f10x_cl.s

3 symbols



ARM Macro Assembler    Page 1 Alphabetic symbol ordering
Relocatable symbols

.text 00000000

Symbol: .text
   Definitions
      At line 158 in file ..\User\startup_stm32f10x_cl.s
   Uses
      None
Comment: .text unused
ADC1_2_IRQHandler 0000001A

Symbol: ADC1_2_IRQHandler
   Definitions
      At line 297 in file ..\User\startup_stm32f10x_cl.s
   Uses
      At line 104 in file ..\User\startup_stm32f10x_cl.s
      At line 235 in file ..\User\startup_stm32f10x_cl.s

BusFault_Handler 0000000E

Symbol: BusFault_Handler
   Definitions
      At line 188 in file ..\User\startup_stm32f10x_cl.s
   Uses
      At line 73 in file ..\User\startup_stm32f10x_cl.s
      At line 189 in file ..\User\startup_stm32f10x_cl.s

CAN1_RX0_IRQHandler 0000001A

Symbol: CAN1_RX0_IRQHandler
   Definitions
      At line 299 in file ..\User\startup_stm32f10x_cl.s
   Uses
      At line 106 in file ..\User\startup_stm32f10x_cl.s
      At line 237 in file ..\User\startup_stm32f10x_cl.s

CAN1_RX1_IRQHandler 0000001A

Symbol: CAN1_RX1_IRQHandler
   Definitions
      At line 300 in file ..\User\startup_stm32f10x_cl.s
   Uses
      At line 107 in file ..\User\startup_stm32f10x_cl.s
      At line 238 in file ..\User\startup_stm32f10x_cl.s

CAN1_SCE_IRQHandler 0000001A

Symbol: CAN1_SCE_IRQHandler
   Definitions
      At line 301 in file ..\User\startup_stm32f10x_cl.s
   Uses
      At line 108 in file ..\User\startup_stm32f10x_cl.s
      At line 239 in file ..\User\startup_stm32f10x_cl.s

CAN1_TX_IRQHandler 0000001A

Symbol: CAN1_TX_IRQHandler
   Definitions
      At line 298 in file ..\User\startup_stm32f10x_cl.s
   Uses



ARM Macro Assembler    Page 2 Alphabetic symbol ordering
Relocatable symbols

      At line 105 in file ..\User\startup_stm32f10x_cl.s
      At line 236 in file ..\User\startup_stm32f10x_cl.s

CAN2_RX0_IRQHandler 0000001A

Symbol: CAN2_RX0_IRQHandler
   Definitions
      At line 336 in file ..\User\startup_stm32f10x_cl.s
   Uses
      At line 150 in file ..\User\startup_stm32f10x_cl.s
      At line 274 in file ..\User\startup_stm32f10x_cl.s

CAN2_RX1_IRQHandler 0000001A

Symbol: CAN2_RX1_IRQHandler
   Definitions
      At line 337 in file ..\User\startup_stm32f10x_cl.s
   Uses
      At line 151 in file ..\User\startup_stm32f10x_cl.s
      At line 275 in file ..\User\startup_stm32f10x_cl.s

CAN2_SCE_IRQHandler 0000001A

Symbol: CAN2_SCE_IRQHandler
   Definitions
      At line 338 in file ..\User\startup_stm32f10x_cl.s
   Uses
      At line 152 in file ..\User\startup_stm32f10x_cl.s
      At line 276 in file ..\User\startup_stm32f10x_cl.s

CAN2_TX_IRQHandler 0000001A

Symbol: CAN2_TX_IRQHandler
   Definitions
      At line 335 in file ..\User\startup_stm32f10x_cl.s
   Uses
      At line 149 in file ..\User\startup_stm32f10x_cl.s
      At line 273 in file ..\User\startup_stm32f10x_cl.s

DMA1_Channel1_IRQHandler 0000001A

Symbol: DMA1_Channel1_IRQHandler
   Definitions
      At line 290 in file ..\User\startup_stm32f10x_cl.s
   Uses
      At line 97 in file ..\User\startup_stm32f10x_cl.s
      At line 228 in file ..\User\startup_stm32f10x_cl.s

DMA1_Channel2_IRQHandler 0000001A

Symbol: DMA1_Channel2_IRQHandler
   Definitions
      At line 291 in file ..\User\startup_stm32f10x_cl.s
   Uses
      At line 98 in file ..\User\startup_stm32f10x_cl.s
      At line 229 in file ..\User\startup_stm32f10x_cl.s

DMA1_Channel3_IRQHandler 0000001A




ARM Macro Assembler    Page 3 Alphabetic symbol ordering
Relocatable symbols

Symbol: DMA1_Channel3_IRQHandler
   Definitions
      At line 292 in file ..\User\startup_stm32f10x_cl.s
   Uses
      At line 99 in file ..\User\startup_stm32f10x_cl.s
      At line 230 in file ..\User\startup_stm32f10x_cl.s

DMA1_Channel4_IRQHandler 0000001A

Symbol: DMA1_Channel4_IRQHandler
   Definitions
      At line 293 in file ..\User\startup_stm32f10x_cl.s
   Uses
      At line 100 in file ..\User\startup_stm32f10x_cl.s
      At line 231 in file ..\User\startup_stm32f10x_cl.s

DMA1_Channel5_IRQHandler 0000001A

Symbol: DMA1_Channel5_IRQHandler
   Definitions
      At line 294 in file ..\User\startup_stm32f10x_cl.s
   Uses
      At line 101 in file ..\User\startup_stm32f10x_cl.s
      At line 232 in file ..\User\startup_stm32f10x_cl.s

DMA1_Channel6_IRQHandler 0000001A

Symbol: DMA1_Channel6_IRQHandler
   Definitions
      At line 295 in file ..\User\startup_stm32f10x_cl.s
   Uses
      At line 102 in file ..\User\startup_stm32f10x_cl.s
      At line 233 in file ..\User\startup_stm32f10x_cl.s

DMA1_Channel7_IRQHandler 0000001A

Symbol: DMA1_Channel7_IRQHandler
   Definitions
      At line 296 in file ..\User\startup_stm32f10x_cl.s
   Uses
      At line 103 in file ..\User\startup_stm32f10x_cl.s
      At line 234 in file ..\User\startup_stm32f10x_cl.s

DMA2_Channel1_IRQHandler 0000001A

Symbol: DMA2_Channel1_IRQHandler
   Definitions
      At line 328 in file ..\User\startup_stm32f10x_cl.s
   Uses
      At line 142 in file ..\User\startup_stm32f10x_cl.s
      At line 266 in file ..\User\startup_stm32f10x_cl.s

DMA2_Channel2_IRQHandler 0000001A

Symbol: DMA2_Channel2_IRQHandler
   Definitions
      At line 329 in file ..\User\startup_stm32f10x_cl.s
   Uses
      At line 143 in file ..\User\startup_stm32f10x_cl.s



ARM Macro Assembler    Page 4 Alphabetic symbol ordering
Relocatable symbols

      At line 267 in file ..\User\startup_stm32f10x_cl.s

DMA2_Channel3_IRQHandler 0000001A

Symbol: DMA2_Channel3_IRQHandler
   Definitions
      At line 330 in file ..\User\startup_stm32f10x_cl.s
   Uses
      At line 144 in file ..\User\startup_stm32f10x_cl.s
      At line 268 in file ..\User\startup_stm32f10x_cl.s

DMA2_Channel4_IRQHandler 0000001A

Symbol: DMA2_Channel4_IRQHandler
   Definitions
      At line 331 in file ..\User\startup_stm32f10x_cl.s
   Uses
      At line 145 in file ..\User\startup_stm32f10x_cl.s
      At line 269 in file ..\User\startup_stm32f10x_cl.s

DMA2_Channel5_IRQHandler 0000001A

Symbol: DMA2_Channel5_IRQHandler
   Definitions
      At line 332 in file ..\User\startup_stm32f10x_cl.s
   Uses
      At line 146 in file ..\User\startup_stm32f10x_cl.s
      At line 270 in file ..\User\startup_stm32f10x_cl.s

DebugMon_Handler 00000014

Symbol: DebugMon_Handler
   Definitions
      At line 202 in file ..\User\startup_stm32f10x_cl.s
   Uses
      At line 80 in file ..\User\startup_stm32f10x_cl.s
      At line 203 in file ..\User\startup_stm32f10x_cl.s

Default_Handler 0000001A

Symbol: Default_Handler
   Definitions
      At line 215 in file ..\User\startup_stm32f10x_cl.s
   Uses
      None
Comment: Default_Handler unused
ETH_IRQHandler 0000001A

Symbol: ETH_IRQHandler
   Definitions
      At line 333 in file ..\User\startup_stm32f10x_cl.s
   Uses
      At line 147 in file ..\User\startup_stm32f10x_cl.s
      At line 271 in file ..\User\startup_stm32f10x_cl.s

ETH_WKUP_IRQHandler 0000001A

Symbol: ETH_WKUP_IRQHandler
   Definitions



ARM Macro Assembler    Page 5 Alphabetic symbol ordering
Relocatable symbols

      At line 334 in file ..\User\startup_stm32f10x_cl.s
   Uses
      At line 148 in file ..\User\startup_stm32f10x_cl.s
      At line 272 in file ..\User\startup_stm32f10x_cl.s

EXTI0_IRQHandler 0000001A

Symbol: EXTI0_IRQHandler
   Definitions
      At line 285 in file ..\User\startup_stm32f10x_cl.s
   Uses
      At line 92 in file ..\User\startup_stm32f10x_cl.s
      At line 223 in file ..\User\startup_stm32f10x_cl.s

EXTI15_10_IRQHandler 0000001A

Symbol: EXTI15_10_IRQHandler
   Definitions
      At line 319 in file ..\User\startup_stm32f10x_cl.s
   Uses
      At line 126 in file ..\User\startup_stm32f10x_cl.s
      At line 257 in file ..\User\startup_stm32f10x_cl.s

EXTI1_IRQHandler 0000001A

Symbol: EXTI1_IRQHandler
   Definitions
      At line 286 in file ..\User\startup_stm32f10x_cl.s
   Uses
      At line 93 in file ..\User\startup_stm32f10x_cl.s
      At line 224 in file ..\User\startup_stm32f10x_cl.s

EXTI2_IRQHandler 0000001A

Symbol: EXTI2_IRQHandler
   Definitions
      At line 287 in file ..\User\startup_stm32f10x_cl.s
   Uses
      At line 94 in file ..\User\startup_stm32f10x_cl.s
      At line 225 in file ..\User\startup_stm32f10x_cl.s

EXTI3_IRQHandler 0000001A

Symbol: EXTI3_IRQHandler
   Definitions
      At line 288 in file ..\User\startup_stm32f10x_cl.s
   Uses
      At line 95 in file ..\User\startup_stm32f10x_cl.s
      At line 226 in file ..\User\startup_stm32f10x_cl.s

EXTI4_IRQHandler 0000001A

Symbol: EXTI4_IRQHandler
   Definitions
      At line 289 in file ..\User\startup_stm32f10x_cl.s
   Uses
      At line 96 in file ..\User\startup_stm32f10x_cl.s
      At line 227 in file ..\User\startup_stm32f10x_cl.s




ARM Macro Assembler    Page 6 Alphabetic symbol ordering
Relocatable symbols

EXTI9_5_IRQHandler 0000001A

Symbol: EXTI9_5_IRQHandler
   Definitions
      At line 302 in file ..\User\startup_stm32f10x_cl.s
   Uses
      At line 109 in file ..\User\startup_stm32f10x_cl.s
      At line 240 in file ..\User\startup_stm32f10x_cl.s

FLASH_IRQHandler 0000001A

Symbol: FLASH_IRQHandler
   Definitions
      At line 283 in file ..\User\startup_stm32f10x_cl.s
   Uses
      At line 90 in file ..\User\startup_stm32f10x_cl.s
      At line 221 in file ..\User\startup_stm32f10x_cl.s

HardFault_Handler 0000000A

Symbol: HardFault_Handler
   Definitions
      At line 178 in file ..\User\startup_stm32f10x_cl.s
   Uses
      At line 71 in file ..\User\startup_stm32f10x_cl.s
      At line 179 in file ..\User\startup_stm32f10x_cl.s

I2C1_ER_IRQHandler 0000001A

Symbol: I2C1_ER_IRQHandler
   Definitions
      At line 311 in file ..\User\startup_stm32f10x_cl.s
   Uses
      At line 118 in file ..\User\startup_stm32f10x_cl.s
      At line 249 in file ..\User\startup_stm32f10x_cl.s

I2C1_EV_IRQHandler 0000001A

Symbol: I2C1_EV_IRQHandler
   Definitions
      At line 310 in file ..\User\startup_stm32f10x_cl.s
   Uses
      At line 117 in file ..\User\startup_stm32f10x_cl.s
      At line 248 in file ..\User\startup_stm32f10x_cl.s

I2C2_ER_IRQHandler 0000001A

Symbol: I2C2_ER_IRQHandler
   Definitions
      At line 313 in file ..\User\startup_stm32f10x_cl.s
   Uses
      At line 120 in file ..\User\startup_stm32f10x_cl.s
      At line 251 in file ..\User\startup_stm32f10x_cl.s

I2C2_EV_IRQHandler 0000001A

Symbol: I2C2_EV_IRQHandler
   Definitions
      At line 312 in file ..\User\startup_stm32f10x_cl.s



ARM Macro Assembler    Page 7 Alphabetic symbol ordering
Relocatable symbols

   Uses
      At line 119 in file ..\User\startup_stm32f10x_cl.s
      At line 250 in file ..\User\startup_stm32f10x_cl.s

MemManage_Handler 0000000C

Symbol: MemManage_Handler
   Definitions
      At line 183 in file ..\User\startup_stm32f10x_cl.s
   Uses
      At line 72 in file ..\User\startup_stm32f10x_cl.s
      At line 184 in file ..\User\startup_stm32f10x_cl.s

NMI_Handler 00000008

Symbol: NMI_Handler
   Definitions
      At line 173 in file ..\User\startup_stm32f10x_cl.s
   Uses
      At line 70 in file ..\User\startup_stm32f10x_cl.s
      At line 174 in file ..\User\startup_stm32f10x_cl.s

OTG_FS_IRQHandler 0000001A

Symbol: OTG_FS_IRQHandler
   Definitions
      At line 339 in file ..\User\startup_stm32f10x_cl.s
   Uses
      At line 153 in file ..\User\startup_stm32f10x_cl.s
      At line 277 in file ..\User\startup_stm32f10x_cl.s

OTG_FS_WKUP_IRQHandler 0000001A

Symbol: OTG_FS_WKUP_IRQHandler
   Definitions
      At line 321 in file ..\User\startup_stm32f10x_cl.s
   Uses
      At line 128 in file ..\User\startup_stm32f10x_cl.s
      At line 259 in file ..\User\startup_stm32f10x_cl.s

PVD_IRQHandler 0000001A

Symbol: PVD_IRQHandler
   Definitions
      At line 280 in file ..\User\startup_stm32f10x_cl.s
   Uses
      At line 87 in file ..\User\startup_stm32f10x_cl.s
      At line 218 in file ..\User\startup_stm32f10x_cl.s

PendSV_Handler 00000016

Symbol: PendSV_Handler
   Definitions
      At line 206 in file ..\User\startup_stm32f10x_cl.s
   Uses
      At line 82 in file ..\User\startup_stm32f10x_cl.s
      At line 207 in file ..\User\startup_stm32f10x_cl.s

RCC_IRQHandler 0000001A



ARM Macro Assembler    Page 8 Alphabetic symbol ordering
Relocatable symbols


Symbol: RCC_IRQHandler
   Definitions
      At line 284 in file ..\User\startup_stm32f10x_cl.s
   Uses
      At line 91 in file ..\User\startup_stm32f10x_cl.s
      At line 222 in file ..\User\startup_stm32f10x_cl.s

RTCAlarm_IRQHandler 0000001A

Symbol: RTCAlarm_IRQHandler
   Definitions
      At line 320 in file ..\User\startup_stm32f10x_cl.s
   Uses
      At line 127 in file ..\User\startup_stm32f10x_cl.s
      At line 258 in file ..\User\startup_stm32f10x_cl.s

RTC_IRQHandler 0000001A

Symbol: RTC_IRQHandler
   Definitions
      At line 282 in file ..\User\startup_stm32f10x_cl.s
   Uses
      At line 89 in file ..\User\startup_stm32f10x_cl.s
      At line 220 in file ..\User\startup_stm32f10x_cl.s

Reset_Handler 00000000

Symbol: Reset_Handler
   Definitions
      At line 161 in file ..\User\startup_stm32f10x_cl.s
   Uses
      At line 69 in file ..\User\startup_stm32f10x_cl.s
      At line 162 in file ..\User\startup_stm32f10x_cl.s

SPI1_IRQHandler 0000001A

Symbol: SPI1_IRQHandler
   Definitions
      At line 314 in file ..\User\startup_stm32f10x_cl.s
   Uses
      At line 121 in file ..\User\startup_stm32f10x_cl.s
      At line 252 in file ..\User\startup_stm32f10x_cl.s

SPI2_IRQHandler 0000001A

Symbol: SPI2_IRQHandler
   Definitions
      At line 315 in file ..\User\startup_stm32f10x_cl.s
   Uses
      At line 122 in file ..\User\startup_stm32f10x_cl.s
      At line 253 in file ..\User\startup_stm32f10x_cl.s

SPI3_IRQHandler 0000001A

Symbol: SPI3_IRQHandler
   Definitions
      At line 323 in file ..\User\startup_stm32f10x_cl.s
   Uses



ARM Macro Assembler    Page 9 Alphabetic symbol ordering
Relocatable symbols

      At line 137 in file ..\User\startup_stm32f10x_cl.s
      At line 261 in file ..\User\startup_stm32f10x_cl.s

SVC_Handler 00000012

Symbol: SVC_Handler
   Definitions
      At line 197 in file ..\User\startup_stm32f10x_cl.s
   Uses
      At line 79 in file ..\User\startup_stm32f10x_cl.s
      At line 198 in file ..\User\startup_stm32f10x_cl.s

SysTick_Handler 00000018

Symbol: SysTick_Handler
   Definitions
      At line 210 in file ..\User\startup_stm32f10x_cl.s
   Uses
      At line 83 in file ..\User\startup_stm32f10x_cl.s
      At line 211 in file ..\User\startup_stm32f10x_cl.s

TAMPER_IRQHandler 0000001A

Symbol: TAMPER_IRQHandler
   Definitions
      At line 281 in file ..\User\startup_stm32f10x_cl.s
   Uses
      At line 88 in file ..\User\startup_stm32f10x_cl.s
      At line 219 in file ..\User\startup_stm32f10x_cl.s

TIM1_BRK_IRQHandler 0000001A

Symbol: TIM1_BRK_IRQHandler
   Definitions
      At line 303 in file ..\User\startup_stm32f10x_cl.s
   Uses
      At line 110 in file ..\User\startup_stm32f10x_cl.s
      At line 241 in file ..\User\startup_stm32f10x_cl.s

TIM1_CC_IRQHandler 0000001A

Symbol: TIM1_CC_IRQHandler
   Definitions
      At line 306 in file ..\User\startup_stm32f10x_cl.s
   Uses
      At line 113 in file ..\User\startup_stm32f10x_cl.s
      At line 244 in file ..\User\startup_stm32f10x_cl.s

TIM1_TRG_COM_IRQHandler 0000001A

Symbol: TIM1_TRG_COM_IRQHandler
   Definitions
      At line 305 in file ..\User\startup_stm32f10x_cl.s
   Uses
      At line 112 in file ..\User\startup_stm32f10x_cl.s
      At line 243 in file ..\User\startup_stm32f10x_cl.s

TIM1_UP_IRQHandler 0000001A




ARM Macro Assembler    Page 10 Alphabetic symbol ordering
Relocatable symbols

Symbol: TIM1_UP_IRQHandler
   Definitions
      At line 304 in file ..\User\startup_stm32f10x_cl.s
   Uses
      At line 111 in file ..\User\startup_stm32f10x_cl.s
      At line 242 in file ..\User\startup_stm32f10x_cl.s

TIM2_IRQHandler 0000001A

Symbol: TIM2_IRQHandler
   Definitions
      At line 307 in file ..\User\startup_stm32f10x_cl.s
   Uses
      At line 114 in file ..\User\startup_stm32f10x_cl.s
      At line 245 in file ..\User\startup_stm32f10x_cl.s

TIM3_IRQHandler 0000001A

Symbol: TIM3_IRQHandler
   Definitions
      At line 308 in file ..\User\startup_stm32f10x_cl.s
   Uses
      At line 115 in file ..\User\startup_stm32f10x_cl.s
      At line 246 in file ..\User\startup_stm32f10x_cl.s

TIM4_IRQHandler 0000001A

Symbol: TIM4_IRQHandler
   Definitions
      At line 309 in file ..\User\startup_stm32f10x_cl.s
   Uses
      At line 116 in file ..\User\startup_stm32f10x_cl.s
      At line 247 in file ..\User\startup_stm32f10x_cl.s

TIM5_IRQHandler 0000001A

Symbol: TIM5_IRQHandler
   Definitions
      At line 322 in file ..\User\startup_stm32f10x_cl.s
   Uses
      At line 136 in file ..\User\startup_stm32f10x_cl.s
      At line 260 in file ..\User\startup_stm32f10x_cl.s

TIM6_IRQHandler 0000001A

Symbol: TIM6_IRQHandler
   Definitions
      At line 326 in file ..\User\startup_stm32f10x_cl.s
   Uses
      At line 140 in file ..\User\startup_stm32f10x_cl.s
      At line 264 in file ..\User\startup_stm32f10x_cl.s

TIM7_IRQHandler 0000001A

Symbol: TIM7_IRQHandler
   Definitions
      At line 327 in file ..\User\startup_stm32f10x_cl.s
   Uses
      At line 141 in file ..\User\startup_stm32f10x_cl.s



ARM Macro Assembler    Page 11 Alphabetic symbol ordering
Relocatable symbols

      At line 265 in file ..\User\startup_stm32f10x_cl.s

UART4_IRQHandler 0000001A

Symbol: UART4_IRQHandler
   Definitions
      At line 324 in file ..\User\startup_stm32f10x_cl.s
   Uses
      At line 138 in file ..\User\startup_stm32f10x_cl.s
      At line 262 in file ..\User\startup_stm32f10x_cl.s

UART5_IRQHandler 0000001A

Symbol: UART5_IRQHandler
   Definitions
      At line 325 in file ..\User\startup_stm32f10x_cl.s
   Uses
      At line 139 in file ..\User\startup_stm32f10x_cl.s
      At line 263 in file ..\User\startup_stm32f10x_cl.s

USART1_IRQHandler 0000001A

Symbol: USART1_IRQHandler
   Definitions
      At line 316 in file ..\User\startup_stm32f10x_cl.s
   Uses
      At line 123 in file ..\User\startup_stm32f10x_cl.s
      At line 254 in file ..\User\startup_stm32f10x_cl.s

USART2_IRQHandler 0000001A

Symbol: USART2_IRQHandler
   Definitions
      At line 317 in file ..\User\startup_stm32f10x_cl.s
   Uses
      At line 124 in file ..\User\startup_stm32f10x_cl.s
      At line 255 in file ..\User\startup_stm32f10x_cl.s

USART3_IRQHandler 0000001A

Symbol: USART3_IRQHandler
   Definitions
      At line 318 in file ..\User\startup_stm32f10x_cl.s
   Uses
      At line 125 in file ..\User\startup_stm32f10x_cl.s
      At line 256 in file ..\User\startup_stm32f10x_cl.s

UsageFault_Handler 00000010

Symbol: UsageFault_Handler
   Definitions
      At line 193 in file ..\User\startup_stm32f10x_cl.s
   Uses
      At line 74 in file ..\User\startup_stm32f10x_cl.s
      At line 194 in file ..\User\startup_stm32f10x_cl.s

WWDG_IRQHandler 0000001A

Symbol: WWDG_IRQHandler



ARM Macro Assembler    Page 12 Alphabetic symbol ordering
Relocatable symbols

   Definitions
      At line 279 in file ..\User\startup_stm32f10x_cl.s
   Uses
      At line 86 in file ..\User\startup_stm32f10x_cl.s
      At line 217 in file ..\User\startup_stm32f10x_cl.s

__user_initial_stackheap 0000001C

Symbol: __user_initial_stackheap
   Definitions
      At line 361 in file ..\User\startup_stm32f10x_cl.s
   Uses
      At line 359 in file ..\User\startup_stm32f10x_cl.s
Comment: __user_initial_stackheap used once
n 00000000

Symbol: n
   Definitions
      At line 165 in file ..\User\startup_stm32f10x_cl.s
   Uses
      None
Comment: n unused
75 symbols



ARM Macro Assembler    Page 1 Alphabetic symbol ordering
Absolute symbols

Heap_Size 00000200

Symbol: Heap_Size
   Definitions
      At line 51 in file ..\User\startup_stm32f10x_cl.s
   Uses
      At line 55 in file ..\User\startup_stm32f10x_cl.s
      At line 365 in file ..\User\startup_stm32f10x_cl.s

Stack_Size 00000400

Symbol: Stack_Size
   Definitions
      At line 40 in file ..\User\startup_stm32f10x_cl.s
   Uses
      At line 43 in file ..\User\startup_stm32f10x_cl.s
      At line 364 in file ..\User\startup_stm32f10x_cl.s

__Vectors_Size 00000150

Symbol: __Vectors_Size
   Definitions
      At line 156 in file ..\User\startup_stm32f10x_cl.s
   Uses
      At line 66 in file ..\User\startup_stm32f10x_cl.s
Comment: __Vectors_Size used once
3 symbols



ARM Macro Assembler    Page 1 Alphabetic symbol ordering
External symbols

SystemInit 00000000

Symbol: SystemInit
   Definitions
      At line 163 in file ..\User\startup_stm32f10x_cl.s
   Uses
      At line 165 in file ..\User\startup_stm32f10x_cl.s
Comment: SystemInit used once
__main 00000000

Symbol: __main
   Definitions
      At line 164 in file ..\User\startup_stm32f10x_cl.s
   Uses
      At line 167 in file ..\User\startup_stm32f10x_cl.s
Comment: __main used once
__use_two_region_memory 00000000

Symbol: __use_two_region_memory
   Definitions
      At line 358 in file ..\User\startup_stm32f10x_cl.s
   Uses
      None
Comment: __use_two_region_memory unused
3 symbols
427 symbols in table
